2021-03-03 15:56:44 Loading main app package /tmp/.mount_ObsiditBk1wk/resources/obsidian.asar
2021-03-03 15:56:44 Checking for update using Github
2021-03-03 15:57:01 Loading main app package /tmp/.mount_ObsidiezOOoU/resources/obsidian.asar
2021-03-03 15:57:02 Checking for update using Github
2021-03-03 15:57:02 Success.
2021-03-03 15:57:02 Latest version is 0.11.3
2021-03-03 15:57:02 App is up to date.
2021-03-03 16:04:30 Loading main app package /tmp/.mount_ObsidiFNgYSf/resources/obsidian.asar
2021-03-03 16:04:31 Checking for update using Github
2021-03-03 16:04:31 Success.
2021-03-03 16:04:31 Latest version is 0.11.3
2021-03-03 16:04:31 App is up to date.
2021-03-03 16:16:00 Loading main app package /tmp/.mount_ObsididiSw5x/resources/obsidian.asar
2021-03-03 16:16:00 Checking for update using Github
2021-03-03 16:16:01 Success.
2021-03-03 16:16:01 Latest version is 0.11.3
2021-03-03 16:16:01 App is up to date.
2021-03-05 03:04:22 Loading main app package /tmp/.mount_Obsidi1pU8ce/resources/obsidian.asar
2021-03-05 03:04:22 Checking for update using Github
2021-03-05 03:04:38 Success.
2021-03-05 03:04:38 Latest version is 0.11.3
2021-03-05 03:04:38 App is up to date.
2021-03-05 03:11:11 Loading main app package /tmp/.mount_obsidisjuY9X/resources/obsidian.asar
2021-03-05 03:11:11 Checking for update using Github
2021-03-05 03:11:17 Success.
2021-03-05 03:11:17 Latest version is 0.11.3
2021-03-05 03:11:17 App is up to date.
2021-03-05 03:19:12 Loading main app package /tmp/.mount_obsidiNkU4IH/resources/obsidian.asar
2021-03-05 03:19:13 Checking for update using Github
2021-03-05 03:19:14 Success.
2021-03-05 03:19:14 Latest version is 0.11.3
2021-03-05 03:19:14 App is up to date.
2021-03-05 03:53:04 Loading main app package /tmp/.mount_obsidicWocHZ/resources/obsidian.asar
2021-03-05 03:53:05 Checking for update using Github
2021-03-05 03:53:20 Success.
2021-03-05 03:53:20 Latest version is 0.11.3
2021-03-05 03:53:20 App is up to date.
2021-03-05 10:20:24 Loading main app package /tmp/.mount_obsidif4x05L/resources/obsidian.asar
2021-03-05 10:20:25 Checking for update using Github
2021-03-05 10:20:26 Success.
2021-03-05 10:20:26 Latest version is 0.11.3
2021-03-05 10:20:26 App is up to date.
2021-03-05 11:14:36 Loading main app package /tmp/.mount_obsidizwPBeF/resources/obsidian.asar
2021-03-05 11:14:36 Checking for update using Github
